0 verbose cli /usr/bin/node /usr/bin/npm
1 info using npm@9.2.0
2 info using node@v18.19.1
3 timing npm:load:whichnode Completed in 0ms
4 timing config:load:defaults Completed in 2ms
5 timing config:load:file:/usr/share/nodejs/npm/npmrc Completed in 2ms
6 timing config:load:builtin Completed in 3ms
7 timing config:load:cli Completed in 3ms
8 timing config:load:env Completed in 1ms
9 timing config:load:file:/home/ubuntu/.cache/typescript/5.8/.npmrc Completed in 0ms
10 timing config:load:project Completed in 1ms
11 timing config:load:file:/home/ubuntu/.npmrc Completed in 0ms
12 timing config:load:user Completed in 1ms
13 timing config:load:file:/etc/npmrc Completed in 0ms
14 timing config:load:global Completed in 0ms
15 timing config:load:setEnvs Completed in 1ms
16 timing config:load Completed in 12ms
17 timing npm:load:configload Completed in 12ms
18 timing npm:load:mkdirpcache Completed in 0ms
19 timing npm:load:mkdirplogs Completed in 0ms
20 verbose title npm install @types/less@ts5.8 @types/stylus@ts5.8
21 verbose argv "install" "--ignore-scripts" "@types/less@ts5.8" "@types/stylus@ts5.8" "--save-dev" "--user-agent" "typesInstaller/5.8.3"
22 timing npm:load:setTitle Completed in 4ms
23 timing config:load:flatten Completed in 5ms
24 timing npm:load:display Completed in 7ms
25 verbose logfile logs-max:10 dir:/home/ubuntu/.npm/_logs/2025-05-12T22_42_32_631Z-
26 verbose logfile /home/ubuntu/.npm/_logs/2025-05-12T22_42_32_631Z-debug-0.log
27 timing npm:load:logFile Completed in 10ms
28 timing npm:load:timers Completed in 0ms
29 timing npm:load:configScope Completed in 0ms
30 timing npm:load Completed in 34ms
31 timing config:load:flatten Completed in 1ms
32 timing arborist:ctor Completed in 1ms
33 silly logfile start cleaning logs, removing 1 files
34 silly logfile done cleaning log files
35 timing idealTree:init Completed in 57ms
36 timing arborist:ctor Completed in 0ms
37 http fetch GET 200 https://registry.npmjs.org/@types%2fstylus 178ms (cache miss)
38 http fetch GET 200 https://registry.npmjs.org/@types%2fless 244ms (cache miss)
39 timing idealTree:userRequests Completed in 256ms
40 silly idealTree buildDeps
41 silly fetch manifest @types/stylus@0.48.43
42 silly fetch manifest @types/less@3.0.8
43 silly placeDep ROOT @types/less@3.0.8 OK for:  want: 3.0.8
44 silly placeDep ROOT @types/stylus@0.48.43 OK for:  want: 0.48.43
45 timing idealTree:#root Completed in 9ms
46 timing idealTree:node_modules/@types/less Completed in 0ms
47 timing idealTree:node_modules/@types/stylus Completed in 0ms
48 timing idealTree:buildDeps Completed in 12ms
49 timing idealTree:fixDepFlags Completed in 1ms
50 timing idealTree Completed in 330ms
51 timing reify:loadTrees Completed in 331ms
52 timing reify:diffTrees Completed in 2ms
53 silly reify moves {}
54 timing reify:retireShallow Completed in 1ms
55 timing reify:createSparse Completed in 1ms
56 timing reify:loadBundles Completed in 0ms
57 silly audit bulk request {
57 silly audit   '@types/bcrypt': [ '5.0.2' ],
57 silly audit   '@types/body-parser': [ '1.19.5' ],
57 silly audit   '@types/connect': [ '3.4.38' ],
57 silly audit   '@types/cookie-signature': [ '1.1.2' ],
57 silly audit   '@types/cors': [ '2.8.18' ],
57 silly audit   '@types/debug': [ '4.1.12' ],
57 silly audit   '@types/depd': [ '1.1.37' ],
57 silly audit   '@types/express': [ '5.0.1' ],
57 silly audit   '@types/express-serve-static-core': [ '5.0.6' ],
57 silly audit   '@types/express-session': [ '1.18.1' ],
57 silly audit   '@types/http-errors': [ '2.0.4' ],
57 silly audit   '@types/merge-descriptors': [ '1.0.3' ],
57 silly audit   '@types/mime': [ '1.3.5' ],
57 silly audit   '@types/ms': [ '2.1.0' ],
57 silly audit   '@types/node': [ '22.15.17' ],
57 silly audit   '@types/nopt': [ '3.0.32' ],
57 silly audit   '@types/npmlog': [ '7.0.0' ],
57 silly audit   '@types/object-assign': [ '4.0.33' ],
57 silly audit   '@types/on-headers': [ '1.0.3' ],
57 silly audit   '@types/parseurl': [ '1.3.3' ],
57 silly audit   '@types/qs': [ '6.9.18' ],
57 silly audit   '@types/random-bytes': [ '1.0.3' ],
57 silly audit   '@types/range-parser': [ '1.2.7' ],
57 silly audit   '@types/react': [ '19.1.4' ],
57 silly audit   '@types/react-dom': [ '19.1.4' ],
57 silly audit   '@types/send': [ '0.17.4' ],
57 silly audit   '@types/serve-static': [ '1.15.7' ],
57 silly audit   '@types/uid-safe': [ '2.1.5' ],
57 silly audit   '@types/vary': [ '1.1.3' ],
57 silly audit   csstype: [ '3.1.3' ],
57 silly audit   'types-registry': [ '0.1.720' ],
57 silly audit   'undici-types': [ '6.21.0' ],
57 silly audit   '@types/less': [ '3.0.8' ],
57 silly audit   '@types/stylus': [ '0.48.43' ]
57 silly audit }
58 silly tarball no local data for @types/stylus@https://registry.npmjs.org/@types/stylus/-/stylus-0.48.43.tgz. Extracting by manifest.
59 silly tarball no local data for @types/less@https://registry.npmjs.org/@types/less/-/less-3.0.8.tgz. Extracting by manifest.
60 http fetch POST 200 https://registry.npmjs.org/-/npm/v1/security/advisories/bulk 46ms
61 timing auditReport:getReport Completed in 51ms
62 silly audit report {}
63 timing auditReport:init Completed in 1ms
64 timing reify:audit Completed in 52ms
65 http fetch GET 200 https://registry.npmjs.org/@types/less/-/less-3.0.8.tgz 142ms (cache miss)
66 timing reifyNode:node_modules/@types/less Completed in 154ms
67 http fetch GET 200 https://registry.npmjs.org/@types/stylus/-/stylus-0.48.43.tgz 213ms (cache miss)
68 timing reifyNode:node_modules/@types/stylus Completed in 224ms
69 timing reify:unpack Completed in 224ms
70 timing reify:unretire Completed in 0ms
71 timing build:queue Completed in 0ms
72 timing build:deps Completed in 0ms
73 timing build Completed in 1ms
74 timing reify:build Completed in 1ms
75 timing reify:trash Completed in 0ms
76 timing reify:save Completed in 37ms
77 timing reify Completed in 619ms
78 silly ADD node_modules/@types/stylus
79 silly ADD node_modules/@types/less
80 timing command:install Completed in 626ms
81 verbose exit 0
82 timing npm Completed in 676ms
83 info ok
