0 verbose cli /usr/bin/node /usr/bin/npm
1 info using npm@9.2.0
2 info using node@v18.19.1
3 timing npm:load:whichnode Completed in 0ms
4 timing config:load:defaults Completed in 3ms
5 timing config:load:file:/usr/share/nodejs/npm/npmrc Completed in 4ms
6 timing config:load:builtin Completed in 4ms
7 timing config:load:cli Completed in 3ms
8 timing config:load:env Completed in 0ms
9 timing config:load:file:/home/ubuntu/.cache/typescript/5.8/.npmrc Completed in 0ms
10 timing config:load:project Completed in 1ms
11 timing config:load:file:/home/ubuntu/.npmrc Completed in 1ms
12 timing config:load:user Completed in 1ms
13 timing config:load:file:/etc/npmrc Completed in 0ms
14 timing config:load:global Completed in 0ms
15 timing config:load:setEnvs Completed in 2ms
16 timing config:load Completed in 14ms
17 timing npm:load:configload Completed in 14ms
18 timing npm:load:mkdirpcache Completed in 2ms
19 timing npm:load:mkdirplogs Completed in 0ms
20 verbose title npm install @types/bcrypt@ts5.8 @types/express-session@ts5.8 @types/react@ts5.8 @types/react-dom@ts5.8
21 verbose argv "install" "--ignore-scripts" "@types/bcrypt@ts5.8" "@types/express-session@ts5.8" "@types/react@ts5.8" "@types/react-dom@ts5.8" "--save-dev" "--user-agent" "typesInstaller/5.8.3"
22 timing npm:load:setTitle Completed in 1ms
23 timing config:load:flatten Completed in 5ms
24 timing npm:load:display Completed in 8ms
25 verbose logfile logs-max:10 dir:/home/ubuntu/.npm/_logs/2025-05-12T22_19_39_303Z-
26 verbose logfile /home/ubuntu/.npm/_logs/2025-05-12T22_19_39_303Z-debug-0.log
27 timing npm:load:logFile Completed in 8ms
28 timing npm:load:timers Completed in 0ms
29 timing npm:load:configScope Completed in 0ms
30 timing npm:load Completed in 34ms
31 silly logfile start cleaning logs, removing 1 files
32 timing config:load:flatten Completed in 1ms
33 timing arborist:ctor Completed in 1ms
34 silly logfile done cleaning log files
35 timing idealTree:init Completed in 55ms
36 timing arborist:ctor Completed in 1ms
37 http fetch GET 200 https://registry.npmjs.org/@types%2fbcrypt 230ms (cache updated)
38 http fetch GET 200 https://registry.npmjs.org/@types%2fexpress-session 231ms (cache updated)
39 http fetch GET 200 https://registry.npmjs.org/@types%2freact-dom 240ms (cache updated)
40 http fetch GET 200 https://registry.npmjs.org/@types%2freact 252ms (cache updated)
41 timing idealTree:userRequests Completed in 266ms
42 silly idealTree buildDeps
43 silly fetch manifest @types/bcrypt@5.0.2
44 silly fetch manifest @types/express-session@1.18.1
45 silly fetch manifest @types/react@19.1.4
46 silly fetch manifest @types/react-dom@19.1.4
47 silly placeDep ROOT @types/bcrypt@5.0.2 REPLACE for:  want: 5.0.2
48 silly placeDep ROOT @types/express-session@1.18.1 REPLACE for:  want: 1.18.1
49 silly placeDep ROOT @types/react@19.1.4 REPLACE for:  want: 19.1.4
50 silly placeDep ROOT @types/react-dom@19.1.4 OK for:  want: 19.1.4
51 timing idealTree:#root Completed in 15ms
52 timing idealTree:node_modules/@types/bcrypt Completed in 0ms
53 timing idealTree:node_modules/@types/express-session Completed in 0ms
54 timing idealTree:node_modules/@types/react Completed in 0ms
55 timing idealTree:node_modules/@types/react-dom Completed in 0ms
56 timing idealTree:buildDeps Completed in 17ms
57 timing idealTree:fixDepFlags Completed in 0ms
58 timing idealTree Completed in 339ms
59 timing reify:loadTrees Completed in 341ms
60 timing reify:diffTrees Completed in 4ms
61 silly reify moves {}
62 timing reify:retireShallow Completed in 1ms
63 timing reify:createSparse Completed in 22ms
64 timing reify:loadBundles Completed in 0ms
65 silly audit bulk request {
65 silly audit   '@types/body-parser': [ '1.19.5' ],
65 silly audit   '@types/connect': [ '3.4.38' ],
65 silly audit   '@types/cookie-signature': [ '1.1.2' ],
65 silly audit   '@types/cors': [ '2.8.18' ],
65 silly audit   '@types/debug': [ '4.1.12' ],
65 silly audit   '@types/depd': [ '1.1.37' ],
65 silly audit   '@types/express': [ '5.0.1' ],
65 silly audit   '@types/express-serve-static-core': [ '5.0.6' ],
65 silly audit   '@types/http-errors': [ '2.0.4' ],
65 silly audit   '@types/merge-descriptors': [ '1.0.3' ],
65 silly audit   '@types/mime': [ '1.3.5' ],
65 silly audit   '@types/ms': [ '2.1.0' ],
65 silly audit   '@types/node': [ '22.15.17' ],
65 silly audit   '@types/nopt': [ '3.0.32' ],
65 silly audit   '@types/npmlog': [ '7.0.0' ],
65 silly audit   '@types/object-assign': [ '4.0.33' ],
65 silly audit   '@types/on-headers': [ '1.0.3' ],
65 silly audit   '@types/parseurl': [ '1.3.3' ],
65 silly audit   '@types/qs': [ '6.9.18' ],
65 silly audit   '@types/random-bytes': [ '1.0.3' ],
65 silly audit   '@types/range-parser': [ '1.2.7' ],
65 silly audit   '@types/send': [ '0.17.4' ],
65 silly audit   '@types/serve-static': [ '1.15.7' ],
65 silly audit   '@types/uid-safe': [ '2.1.5' ],
65 silly audit   '@types/vary': [ '1.1.3' ],
65 silly audit   csstype: [ '3.1.3' ],
65 silly audit   'types-registry': [ '0.1.720' ],
65 silly audit   'undici-types': [ '6.21.0' ],
65 silly audit   '@types/bcrypt': [ '5.0.2' ],
65 silly audit   '@types/express-session': [ '1.18.1' ],
65 silly audit   '@types/react': [ '19.1.4' ],
65 silly audit   '@types/react-dom': [ '19.1.4' ]
65 silly audit }
66 silly tarball no local data for @types/react-dom@https://registry.npmjs.org/@types/react-dom/-/react-dom-19.1.4.tgz. Extracting by manifest.
67 http fetch POST 200 https://registry.npmjs.org/-/npm/v1/security/advisories/bulk 44ms
68 timing auditReport:getReport Completed in 48ms
69 silly audit report {}
70 timing auditReport:init Completed in 0ms
71 timing reify:audit Completed in 53ms
72 http fetch GET 200 https://registry.npmjs.org/@types/react-dom/-/react-dom-19.1.4.tgz 75ms (cache miss)
73 timing reifyNode:node_modules/@types/react-dom Completed in 89ms
74 timing reify:unpack Completed in 89ms
75 timing reify:unretire Completed in 0ms
76 timing build:queue Completed in 0ms
77 timing build:deps Completed in 0ms
78 timing build Completed in 1ms
79 timing reify:build Completed in 1ms
80 timing reify:trash Completed in 0ms
81 timing reify:save Completed in 29ms
82 timing reify Completed in 511ms
83 silly ADD node_modules/@types/react-dom
84 timing command:install Completed in 522ms
85 verbose exit 0
86 timing npm Completed in 575ms
87 info ok
