0 verbose cli /usr/bin/node /usr/bin/npm
1 info using npm@9.2.0
2 info using node@v18.19.1
3 timing npm:load:whichnode Completed in 1ms
4 timing config:load:defaults Completed in 3ms
5 timing config:load:file:/usr/share/nodejs/npm/npmrc Completed in 3ms
6 timing config:load:builtin Completed in 3ms
7 timing config:load:cli Completed in 5ms
8 timing config:load:env Completed in 0ms
9 timing config:load:file:/home/ubuntu/.cache/typescript/5.8/.npmrc Completed in 0ms
10 timing config:load:project Completed in 2ms
11 timing config:load:file:/home/ubuntu/.npmrc Completed in 0ms
12 timing config:load:user Completed in 1ms
13 timing config:load:file:/etc/npmrc Completed in 0ms
14 timing config:load:global Completed in 1ms
15 timing config:load:setEnvs Completed in 2ms
16 timing config:load Completed in 18ms
17 timing npm:load:configload Completed in 18ms
18 timing npm:load:mkdirpcache Completed in 2ms
19 timing npm:load:mkdirplogs Completed in 0ms
20 verbose title npm install @types/bcrypt@ts5.8 @types/cors@ts5.8 @types/express@ts5.8 @types/express-session@ts5.8
21 verbose argv "install" "--ignore-scripts" "@types/bcrypt@ts5.8" "@types/cors@ts5.8" "@types/express@ts5.8" "@types/express-session@ts5.8" "--save-dev" "--user-agent" "typesInstaller/5.8.3"
22 timing npm:load:setTitle Completed in 6ms
23 timing config:load:flatten Completed in 9ms
24 timing npm:load:display Completed in 13ms
25 verbose logfile logs-max:10 dir:/home/ubuntu/.npm/_logs/2025-05-12T22_20_19_315Z-
26 verbose logfile /home/ubuntu/.npm/_logs/2025-05-12T22_20_19_315Z-debug-0.log
27 timing npm:load:logFile Completed in 10ms
28 timing npm:load:timers Completed in 0ms
29 timing npm:load:configScope Completed in 0ms
30 timing npm:load Completed in 52ms
31 timing config:load:flatten Completed in 1ms
32 timing arborist:ctor Completed in 1ms
33 silly logfile start cleaning logs, removing 1 files
34 silly logfile done cleaning log files
35 timing idealTree:init Completed in 99ms
36 timing arborist:ctor Completed in 1ms
37 http fetch GET 200 https://registry.npmjs.org/@types%2fbcrypt 158ms (cache hit)
38 http fetch GET 200 https://registry.npmjs.org/@types%2fexpress-session 158ms (cache hit)
39 http fetch GET 200 https://registry.npmjs.org/@types%2fcors 239ms (cache updated)
40 http fetch GET 200 https://registry.npmjs.org/@types%2fexpress 240ms (cache updated)
41 timing idealTree:userRequests Completed in 255ms
42 silly idealTree buildDeps
43 silly fetch manifest @types/bcrypt@5.0.2
44 silly fetch manifest @types/cors@2.8.18
45 silly fetch manifest @types/express@5.0.1
46 silly fetch manifest @types/express-session@1.18.1
47 silly placeDep ROOT @types/bcrypt@5.0.2 REPLACE for:  want: 5.0.2
48 silly placeDep ROOT @types/cors@2.8.18 REPLACE for:  want: 2.8.18
49 silly placeDep ROOT @types/express@5.0.1 REPLACE for:  want: 5.0.1
50 silly placeDep ROOT @types/express-session@1.18.1 REPLACE for:  want: 1.18.1
51 timing idealTree:#root Completed in 18ms
52 timing idealTree:node_modules/@types/bcrypt Completed in 1ms
53 timing idealTree:node_modules/@types/cors Completed in 0ms
54 timing idealTree:node_modules/@types/express Completed in 0ms
55 timing idealTree:node_modules/@types/express-session Completed in 0ms
56 timing idealTree:buildDeps Completed in 21ms
57 timing idealTree:fixDepFlags Completed in 0ms
58 timing idealTree Completed in 378ms
59 timing reify:loadTrees Completed in 379ms
60 timing reify:diffTrees Completed in 3ms
61 silly reify moves {}
62 timing reify:retireShallow Completed in 2ms
63 timing reify:createSparse Completed in 0ms
64 timing reify:loadBundles Completed in 0ms
65 silly audit bulk request {
65 silly audit   '@types/body-parser': [ '1.19.5' ],
65 silly audit   '@types/connect': [ '3.4.38' ],
65 silly audit   '@types/cookie-signature': [ '1.1.2' ],
65 silly audit   '@types/debug': [ '4.1.12' ],
65 silly audit   '@types/depd': [ '1.1.37' ],
65 silly audit   '@types/express-serve-static-core': [ '5.0.6' ],
65 silly audit   '@types/http-errors': [ '2.0.4' ],
65 silly audit   '@types/merge-descriptors': [ '1.0.3' ],
65 silly audit   '@types/mime': [ '1.3.5' ],
65 silly audit   '@types/ms': [ '2.1.0' ],
65 silly audit   '@types/node': [ '22.15.17' ],
65 silly audit   '@types/nopt': [ '3.0.32' ],
65 silly audit   '@types/npmlog': [ '7.0.0' ],
65 silly audit   '@types/object-assign': [ '4.0.33' ],
65 silly audit   '@types/on-headers': [ '1.0.3' ],
65 silly audit   '@types/parseurl': [ '1.3.3' ],
65 silly audit   '@types/qs': [ '6.9.18' ],
65 silly audit   '@types/random-bytes': [ '1.0.3' ],
65 silly audit   '@types/range-parser': [ '1.2.7' ],
65 silly audit   '@types/react': [ '19.1.4' ],
65 silly audit   '@types/react-dom': [ '19.1.4' ],
65 silly audit   '@types/send': [ '0.17.4' ],
65 silly audit   '@types/serve-static': [ '1.15.7' ],
65 silly audit   '@types/uid-safe': [ '2.1.5' ],
65 silly audit   '@types/vary': [ '1.1.3' ],
65 silly audit   csstype: [ '3.1.3' ],
65 silly audit   'types-registry': [ '0.1.720' ],
65 silly audit   'undici-types': [ '6.21.0' ],
65 silly audit   '@types/bcrypt': [ '5.0.2' ],
65 silly audit   '@types/cors': [ '2.8.18' ],
65 silly audit   '@types/express': [ '5.0.1' ],
65 silly audit   '@types/express-session': [ '1.18.1' ]
65 silly audit }
66 timing reify:unpack Completed in 0ms
67 timing reify:unretire Completed in 0ms
68 timing build:queue Completed in 0ms
69 timing build:deps Completed in 1ms
70 timing build Completed in 1ms
71 timing reify:build Completed in 1ms
72 timing reify:trash Completed in 0ms
73 timing reify:save Completed in 27ms
74 http fetch POST 200 https://registry.npmjs.org/-/npm/v1/security/advisories/bulk 73ms
75 timing auditReport:getReport Completed in 75ms
76 silly audit report {}
77 timing auditReport:init Completed in 0ms
78 timing reify:audit Completed in 76ms
79 timing reify Completed in 469ms
80 timing command:install Completed in 482ms
81 verbose exit 0
82 timing npm Completed in 551ms
83 info ok
