0 verbose cli /usr/bin/node /usr/bin/npm
1 info using npm@9.2.0
2 info using node@v18.19.1
3 timing npm:load:whichnode Completed in 1ms
4 timing config:load:defaults Completed in 3ms
5 timing config:load:file:/usr/share/nodejs/npm/npmrc Completed in 2ms
6 timing config:load:builtin Completed in 2ms
7 timing config:load:cli Completed in 4ms
8 timing config:load:env Completed in 0ms
9 timing config:load:file:/home/ubuntu/.cache/typescript/5.8/.npmrc Completed in 0ms
10 timing config:load:project Completed in 2ms
11 timing config:load:file:/home/ubuntu/.npmrc Completed in 0ms
12 timing config:load:user Completed in 0ms
13 timing config:load:file:/etc/npmrc Completed in 0ms
14 timing config:load:global Completed in 0ms
15 timing config:load:setEnvs Completed in 2ms
16 timing config:load Completed in 14ms
17 timing npm:load:configload Completed in 14ms
18 timing npm:load:mkdirpcache Completed in 0ms
19 timing npm:load:mkdirplogs Completed in 0ms
20 verbose title npm install @types/react-dom@ts5.8
21 verbose argv "install" "--ignore-scripts" "@types/react-dom@ts5.8" "--save-dev" "--user-agent" "typesInstaller/5.8.3"
22 timing npm:load:setTitle Completed in 1ms
23 timing config:load:flatten Completed in 7ms
24 timing npm:load:display Completed in 9ms
25 verbose logfile logs-max:10 dir:/home/ubuntu/.npm/_logs/2025-05-12T22_42_30_383Z-
26 verbose logfile /home/ubuntu/.npm/_logs/2025-05-12T22_42_30_383Z-debug-0.log
27 timing npm:load:logFile Completed in 11ms
28 timing npm:load:timers Completed in 0ms
29 timing npm:load:configScope Completed in 0ms
30 timing npm:load Completed in 38ms
31 silly logfile start cleaning logs, removing 1 files
32 timing config:load:flatten Completed in 0ms
33 timing arborist:ctor Completed in 1ms
34 silly logfile done cleaning log files
35 timing idealTree:init Completed in 54ms
36 timing arborist:ctor Completed in 1ms
37 http fetch GET 200 https://registry.npmjs.org/@types%2freact-dom 204ms (cache updated)
38 timing idealTree:userRequests Completed in 215ms
39 silly idealTree buildDeps
40 silly fetch manifest @types/react-dom@19.1.4
41 silly fetch manifest @types/react@^19.1.4
42 http fetch GET 200 https://registry.npmjs.org/@types%2freact 23ms (cache hit)
43 silly placeDep ROOT @types/react-dom@19.1.4 REPLACE for:  want: 19.1.4
44 timing idealTree:#root Completed in 44ms
45 timing idealTree:node_modules/@types/react-dom Completed in 0ms
46 timing idealTree:buildDeps Completed in 46ms
47 timing idealTree:fixDepFlags Completed in 0ms
48 timing idealTree Completed in 318ms
49 timing reify:loadTrees Completed in 319ms
50 timing reify:diffTrees Completed in 3ms
51 silly reify moves {}
52 timing reify:retireShallow Completed in 3ms
53 timing reify:createSparse Completed in 0ms
54 timing reify:loadBundles Completed in 0ms
55 silly audit bulk request {
55 silly audit   '@types/bcrypt': [ '5.0.2' ],
55 silly audit   '@types/body-parser': [ '1.19.5' ],
55 silly audit   '@types/connect': [ '3.4.38' ],
55 silly audit   '@types/cookie-signature': [ '1.1.2' ],
55 silly audit   '@types/cors': [ '2.8.18' ],
55 silly audit   '@types/debug': [ '4.1.12' ],
55 silly audit   '@types/depd': [ '1.1.37' ],
55 silly audit   '@types/express': [ '5.0.1' ],
55 silly audit   '@types/express-serve-static-core': [ '5.0.6' ],
55 silly audit   '@types/express-session': [ '1.18.1' ],
55 silly audit   '@types/http-errors': [ '2.0.4' ],
55 silly audit   '@types/merge-descriptors': [ '1.0.3' ],
55 silly audit   '@types/mime': [ '1.3.5' ],
55 silly audit   '@types/ms': [ '2.1.0' ],
55 silly audit   '@types/node': [ '22.15.17' ],
55 silly audit   '@types/nopt': [ '3.0.32' ],
55 silly audit   '@types/npmlog': [ '7.0.0' ],
55 silly audit   '@types/object-assign': [ '4.0.33' ],
55 silly audit   '@types/on-headers': [ '1.0.3' ],
55 silly audit   '@types/parseurl': [ '1.3.3' ],
55 silly audit   '@types/qs': [ '6.9.18' ],
55 silly audit   '@types/random-bytes': [ '1.0.3' ],
55 silly audit   '@types/range-parser': [ '1.2.7' ],
55 silly audit   '@types/react': [ '19.1.4' ],
55 silly audit   '@types/send': [ '0.17.4' ],
55 silly audit   '@types/serve-static': [ '1.15.7' ],
55 silly audit   '@types/uid-safe': [ '2.1.5' ],
55 silly audit   '@types/vary': [ '1.1.3' ],
55 silly audit   csstype: [ '3.1.3' ],
55 silly audit   'types-registry': [ '0.1.720' ],
55 silly audit   'undici-types': [ '6.21.0' ],
55 silly audit   '@types/react-dom': [ '19.1.4' ]
55 silly audit }
56 timing reify:unpack Completed in 0ms
57 timing reify:unretire Completed in 0ms
58 timing build:queue Completed in 0ms
59 timing build:deps Completed in 1ms
60 timing build Completed in 1ms
61 timing reify:build Completed in 1ms
62 timing reify:trash Completed in 0ms
63 timing reify:save Completed in 27ms
64 http fetch POST 200 https://registry.npmjs.org/-/npm/v1/security/advisories/bulk 63ms
65 timing auditReport:getReport Completed in 67ms
66 silly audit report {}
67 timing auditReport:init Completed in 0ms
68 timing reify:audit Completed in 68ms
69 timing reify Completed in 395ms
70 timing command:install Completed in 404ms
71 verbose exit 0
72 timing npm Completed in 460ms
73 info ok
