0 verbose cli /usr/bin/node /usr/bin/npm
1 info using npm@9.2.0
2 info using node@v18.19.1
3 timing npm:load:whichnode Completed in 1ms
4 timing config:load:defaults Completed in 3ms
5 timing config:load:file:/usr/share/nodejs/npm/npmrc Completed in 2ms
6 timing config:load:builtin Completed in 3ms
7 timing config:load:cli Completed in 2ms
8 timing config:load:env Completed in 1ms
9 timing config:load:file:/home/ubuntu/.cache/typescript/5.8/.npmrc Completed in 0ms
10 timing config:load:project Completed in 3ms
11 timing config:load:file:/home/ubuntu/.npmrc Completed in 0ms
12 timing config:load:user Completed in 0ms
13 timing config:load:file:/etc/npmrc Completed in 0ms
14 timing config:load:global Completed in 1ms
15 timing config:load:setEnvs Completed in 1ms
16 timing config:load Completed in 15ms
17 timing npm:load:configload Completed in 15ms
18 timing npm:load:mkdirpcache Completed in 1ms
19 timing npm:load:mkdirplogs Completed in 1ms
20 verbose title npm install @types/react@ts5.8
21 verbose argv "install" "--ignore-scripts" "@types/react@ts5.8" "--save-dev" "--user-agent" "typesInstaller/5.8.3"
22 timing npm:load:setTitle Completed in 4ms
23 timing config:load:flatten Completed in 8ms
24 timing npm:load:display Completed in 9ms
25 verbose logfile logs-max:10 dir:/home/ubuntu/.npm/_logs/2025-05-12T22_20_17_637Z-
26 verbose logfile /home/ubuntu/.npm/_logs/2025-05-12T22_20_17_637Z-debug-0.log
27 timing npm:load:logFile Completed in 13ms
28 timing npm:load:timers Completed in 1ms
29 timing npm:load:configScope Completed in 0ms
30 timing npm:load Completed in 45ms
31 silly logfile start cleaning logs, removing 1 files
32 timing config:load:flatten Completed in 1ms
33 timing arborist:ctor Completed in 2ms
34 silly logfile done cleaning log files
35 timing idealTree:init Completed in 107ms
36 timing arborist:ctor Completed in 0ms
37 http fetch GET 200 https://registry.npmjs.org/@types%2freact 124ms (cache hit)
38 timing idealTree:userRequests Completed in 162ms
39 silly idealTree buildDeps
40 silly fetch manifest @types/react@19.1.4
41 silly placeDep ROOT @types/react@19.1.4 REPLACE for:  want: 19.1.4
42 timing idealTree:#root Completed in 12ms
43 timing idealTree:node_modules/@types/react Completed in 0ms
44 timing idealTree:buildDeps Completed in 17ms
45 timing idealTree:fixDepFlags Completed in 0ms
46 timing idealTree Completed in 291ms
47 timing reify:loadTrees Completed in 292ms
48 timing reify:diffTrees Completed in 2ms
49 silly reify moves {}
50 timing reify:retireShallow Completed in 2ms
51 timing reify:createSparse Completed in 0ms
52 timing reify:loadBundles Completed in 0ms
53 silly audit bulk request {
53 silly audit   '@types/bcrypt': [ '5.0.2' ],
53 silly audit   '@types/body-parser': [ '1.19.5' ],
53 silly audit   '@types/connect': [ '3.4.38' ],
53 silly audit   '@types/cookie-signature': [ '1.1.2' ],
53 silly audit   '@types/cors': [ '2.8.18' ],
53 silly audit   '@types/debug': [ '4.1.12' ],
53 silly audit   '@types/depd': [ '1.1.37' ],
53 silly audit   '@types/express': [ '5.0.1' ],
53 silly audit   '@types/express-serve-static-core': [ '5.0.6' ],
53 silly audit   '@types/express-session': [ '1.18.1' ],
53 silly audit   '@types/http-errors': [ '2.0.4' ],
53 silly audit   '@types/merge-descriptors': [ '1.0.3' ],
53 silly audit   '@types/mime': [ '1.3.5' ],
53 silly audit   '@types/ms': [ '2.1.0' ],
53 silly audit   '@types/node': [ '22.15.17' ],
53 silly audit   '@types/nopt': [ '3.0.32' ],
53 silly audit   '@types/npmlog': [ '7.0.0' ],
53 silly audit   '@types/object-assign': [ '4.0.33' ],
53 silly audit   '@types/on-headers': [ '1.0.3' ],
53 silly audit   '@types/parseurl': [ '1.3.3' ],
53 silly audit   '@types/qs': [ '6.9.18' ],
53 silly audit   '@types/random-bytes': [ '1.0.3' ],
53 silly audit   '@types/range-parser': [ '1.2.7' ],
53 silly audit   '@types/react-dom': [ '19.1.4' ],
53 silly audit   '@types/send': [ '0.17.4' ],
53 silly audit   '@types/serve-static': [ '1.15.7' ],
53 silly audit   '@types/uid-safe': [ '2.1.5' ],
53 silly audit   '@types/vary': [ '1.1.3' ],
53 silly audit   csstype: [ '3.1.3' ],
53 silly audit   'types-registry': [ '0.1.720' ],
53 silly audit   'undici-types': [ '6.21.0' ],
53 silly audit   '@types/react': [ '19.1.4' ]
53 silly audit }
54 timing reify:unpack Completed in 3ms
55 timing reify:unretire Completed in 0ms
56 timing build:queue Completed in 0ms
57 timing build:deps Completed in 0ms
58 timing build Completed in 0ms
59 timing reify:build Completed in 0ms
60 timing reify:trash Completed in 0ms
61 timing reify:save Completed in 53ms
62 http fetch POST 200 https://registry.npmjs.org/-/npm/v1/security/advisories/bulk 217ms
63 timing auditReport:getReport Completed in 221ms
64 silly audit report {}
65 timing auditReport:init Completed in 0ms
66 timing reify:audit Completed in 222ms
67 timing reify Completed in 528ms
68 timing command:install Completed in 544ms
69 verbose exit 0
70 timing npm Completed in 623ms
71 info ok
