2025-05-12 22:20:17.224 [warning] /home/ubuntu/.ssh/config: ENOENT: no such file or directory, open '/home/ubuntu/.ssh/config'
2025-05-12 22:20:17.224 [info] [Activation] Extension version: 0.110.0
2025-05-12 22:20:18.577 [info] [Authentication] Creating hub for .com
2025-05-12 22:20:19.226 [info] [Activation] Looking for git repository
2025-05-12 22:20:19.226 [info] [Activation] Found 0 repositories during activation
2025-05-12 22:20:19.226 [info] [Activation] Git repository found, initializing review manager and pr tree view.
2025-05-12 22:20:19.227 [info] [GitAPI] Registering git provider
2025-05-12 22:27:03.931 [info] [GitAPI] Repository file:///home/ubuntu has been opened
2025-05-12 22:27:03.931 [info] [Review+0] Validate state in progress
2025-05-12 22:27:03.931 [info] [Review+0] Validating state...
2025-05-12 22:27:03.933 [warning] No remotes found. The following remotes are missing: origin, upstream
2025-05-12 22:27:03.933 [info] [FolderRepositoryManager+0] No GitHub remotes found for folder /home/ubuntu
2025-05-12 22:27:04.242 [info] [Review+0] Queuing additional validate state
2025-05-12 22:27:04.243 [info] [Activation] Repo state for file:///home/ubuntu changed.
2025-05-12 22:27:04.243 [info] [Activation] Repo file:///home/ubuntu has already been setup.
2025-05-12 22:27:07.782 [info] [Review+0] Validating state...
2025-05-12 22:27:08.107 [info] [FolderRepositoryManager+0] Found GitHub remote for folder /home/ubuntu
2025-05-12 22:27:08.385 [info] [FolderRepositoryManager+0] Trying to use globalState for assignableUsers.
2025-05-12 22:27:08.609 [info] [Review+0] No matching pull request metadata found locally for current branch main
2025-05-12 22:27:08.655 [info] [Review+0] No matching pull request metadata found on GitHub for current branch main
2025-05-12 22:27:08.661 [info] [FolderRepositoryManager+0] GlobalState does not exist for assignableUsers.
