2025-05-09 21:36:27.650 [info] [main] Log level: Info
2025-05-09 21:36:27.650 [info] [main] Validating found git in: "git"
2025-05-09 21:36:27.650 [info] [main] Using git "2.43.0" from "git"
2025-05-09 21:36:27.650 [info] [Model][doInitialScan] Initial repository scan started
2025-05-09 21:36:27.650 [info] > git rev-parse --show-toplevel [16ms]
2025-05-09 21:36:27.650 [info] fatal: not a git repository (or any of the parent directories): .git
2025-05-09 21:36:27.650 [info] > git rev-parse --show-toplevel [832ms]
2025-05-09 21:36:27.650 [info] fatal: not a git repository (or any of the parent directories): .git
2025-05-09 21:36:29.069 [info] > git rev-parse --show-toplevel [32ms]
2025-05-09 21:36:29.069 [info] fatal: not a git repository (or any of the parent directories): .git
2025-05-09 21:36:29.111 [info] > git rev-parse --show-toplevel [12ms]
2025-05-09 21:36:29.111 [info] fatal: not a git repository (or any of the parent directories): .git
2025-05-09 21:36:29.123 [info] > git rev-parse --show-toplevel [4ms]
2025-05-09 21:36:29.123 [info] fatal: not a git repository (or any of the parent directories): .git
2025-05-09 21:36:29.137 [info] > git rev-parse --show-toplevel [4ms]
2025-05-09 21:36:29.137 [info] fatal: not a git repository (or any of the parent directories): .git
2025-05-09 21:36:29.150 [info] > git rev-parse --show-toplevel [3ms]
2025-05-09 21:36:29.150 [info] fatal: not a git repository (or any of the parent directories): .git
2025-05-09 21:36:29.157 [info] > git rev-parse --show-toplevel [1ms]
2025-05-09 21:36:29.157 [info] fatal: not a git repository (or any of the parent directories): .git
2025-05-09 21:36:29.161 [info] > git rev-parse --show-toplevel [1ms]
2025-05-09 21:36:29.162 [info] fatal: not a git repository (or any of the parent directories): .git
2025-05-09 21:36:29.166 [info] > git rev-parse --show-toplevel [1ms]
2025-05-09 21:36:29.166 [info] fatal: not a git repository (or any of the parent directories): .git
2025-05-09 21:36:29.171 [info] > git rev-parse --show-toplevel [1ms]
2025-05-09 21:36:29.171 [info] fatal: not a git repository (or any of the parent directories): .git
2025-05-09 21:36:29.175 [info] > git rev-parse --show-toplevel [1ms]
2025-05-09 21:36:29.175 [info] fatal: not a git repository (or any of the parent directories): .git
2025-05-09 21:36:29.180 [info] > git rev-parse --show-toplevel [1ms]
2025-05-09 21:36:29.180 [info] fatal: not a git repository (or any of the parent directories): .git
2025-05-09 21:36:29.185 [info] > git rev-parse --show-toplevel [1ms]
2025-05-09 21:36:29.185 [info] fatal: not a git repository (or any of the parent directories): .git
2025-05-09 21:36:29.189 [info] > git rev-parse --show-toplevel [2ms]
2025-05-09 21:36:29.189 [info] fatal: not a git repository (or any of the parent directories): .git
2025-05-09 21:36:29.191 [info] [Model][doInitialScan] Initial repository scan completed - repositories (0), closed repositories (0), parent repositories (0), unsafe repositories (0)
2025-05-09 21:36:42.588 [info] > git rev-parse --show-toplevel [4ms]
2025-05-09 21:36:42.588 [info] fatal: not a git repository (or any of the parent directories): .git
2025-05-09 21:36:42.610 [info] > git rev-parse --show-toplevel [5ms]
2025-05-09 21:36:42.610 [info] fatal: not a git repository (or any of the parent directories): .git
2025-05-09 21:38:18.582 [info] > git rev-parse --show-toplevel [2ms]
2025-05-09 21:38:18.583 [info] fatal: not a git repository (or any of the parent directories): .git
2025-05-09 21:38:24.653 [info] > git rev-parse --show-toplevel [1ms]
2025-05-09 21:38:24.653 [info] fatal: not a git repository (or any of the parent directories): .git
2025-05-09 21:38:24.667 [info] > git rev-parse --show-toplevel [1ms]
2025-05-09 21:38:24.667 [info] fatal: not a git repository (or any of the parent directories): .git
2025-05-09 21:38:24.674 [info] > git rev-parse --show-toplevel [1ms]
2025-05-09 21:38:24.674 [info] fatal: not a git repository (or any of the parent directories): .git
2025-05-09 21:38:24.680 [info] > git rev-parse --show-toplevel [1ms]
2025-05-09 21:38:24.680 [info] fatal: not a git repository (or any of the parent directories): .git
2025-05-09 21:38:25.149 [info] > git rev-parse --show-toplevel [1ms]
2025-05-09 21:38:25.150 [info] fatal: not a git repository (or any of the parent directories): .git
2025-05-09 21:38:25.232 [warning] [Model][getRepositoryExact] Failed to get repository realpath for: "/home/ubuntu/.vscode-server/extensions/.82cfb195-f93f-4530-8c80-fad7492762ac/node_modules/supports-preserve-symlinks-flag/". Error:Error: ENOENT: no such file or directory, realpath '/home/ubuntu/.vscode-server/extensions/.82cfb195-f93f-4530-8c80-fad7492762ac/node_modules/supports-preserve-symlinks-flag/'
2025-05-09 21:38:25.240 [warning] [Model][getRepositoryExact] Failed to get repository realpath for: "/home/ubuntu/.vscode-server/extensions/.82cfb195-f93f-4530-8c80-fad7492762ac/node_modules/ext/". Error:Error: ENOENT: no such file or directory, realpath '/home/ubuntu/.vscode-server/extensions/.82cfb195-f93f-4530-8c80-fad7492762ac/node_modules/ext/'
2025-05-09 21:38:31.446 [info] > git rev-parse --show-toplevel [2ms]
2025-05-09 21:38:31.446 [info] fatal: not a git repository (or any of the parent directories): .git
2025-05-09 21:38:31.453 [info] > git rev-parse --show-toplevel [1ms]
2025-05-09 21:38:31.453 [info] fatal: not a git repository (or any of the parent directories): .git
2025-05-09 21:49:05.934 [info] > git rev-parse --show-toplevel [1ms]
2025-05-09 21:49:05.934 [info] fatal: not a git repository (or any of the parent directories): .git
2025-05-09 21:49:06.160 [info] > git rev-parse --show-toplevel [1ms]
2025-05-09 21:49:06.161 [info] fatal: not a git repository (or any of the parent directories): .git
2025-05-09 21:49:06.170 [info] > git rev-parse --show-toplevel [2ms]
2025-05-09 21:49:06.170 [info] fatal: not a git repository (or any of the parent directories): .git
2025-05-09 21:49:10.507 [info] > git rev-parse --show-toplevel [0ms]
2025-05-09 21:49:10.507 [info] fatal: not a git repository (or any of the parent directories): .git
2025-05-09 21:49:10.569 [info] > git rev-parse --show-toplevel [1ms]
2025-05-09 21:49:10.569 [info] fatal: not a git repository (or any of the parent directories): .git
2025-05-09 21:49:10.577 [info] > git rev-parse --show-toplevel [1ms]
2025-05-09 21:49:10.577 [info] fatal: not a git repository (or any of the parent directories): .git
2025-05-09 21:49:14.476 [info] > git rev-parse --show-toplevel [3ms]
2025-05-09 21:49:14.476 [info] fatal: not a git repository (or any of the parent directories): .git
2025-05-09 21:49:14.486 [info] > git rev-parse --show-toplevel [3ms]
2025-05-09 21:49:14.486 [info] fatal: not a git repository (or any of the parent directories): .git
2025-05-09 21:49:14.493 [info] > git rev-parse --show-toplevel [1ms]
2025-05-09 21:49:14.493 [info] fatal: not a git repository (or any of the parent directories): .git
2025-05-09 21:52:24.907 [info] > git rev-parse --show-toplevel [2ms]
2025-05-09 21:52:24.907 [info] fatal: not a git repository (or any of the parent directories): .git
2025-05-09 21:52:25.040 [info] > git rev-parse --show-toplevel [1ms]
2025-05-09 21:52:25.041 [info] fatal: not a git repository (or any of the parent directories): .git
2025-05-09 21:52:25.049 [info] > git rev-parse --show-toplevel [1ms]
2025-05-09 21:52:25.050 [info] fatal: not a git repository (or any of the parent directories): .git
2025-05-09 21:52:34.192 [info] > git rev-parse --show-toplevel [1ms]
2025-05-09 21:52:34.192 [info] fatal: not a git repository (or any of the parent directories): .git
2025-05-09 21:52:34.368 [info] > git rev-parse --show-toplevel [4ms]
2025-05-09 21:52:34.368 [info] fatal: not a git repository (or any of the parent directories): .git
2025-05-09 21:52:34.377 [info] > git rev-parse --show-toplevel [3ms]
2025-05-09 21:52:34.377 [info] fatal: not a git repository (or any of the parent directories): .git
2025-05-09 21:53:03.695 [info] > git rev-parse --show-toplevel [3ms]
2025-05-09 21:53:03.695 [info] fatal: not a git repository (or any of the parent directories): .git
2025-05-09 21:53:03.702 [info] > git rev-parse --show-toplevel [1ms]
2025-05-09 21:53:03.702 [info] fatal: not a git repository (or any of the parent directories): .git
2025-05-09 21:53:03.710 [info] > git rev-parse --show-toplevel [1ms]
2025-05-09 21:53:03.710 [info] fatal: not a git repository (or any of the parent directories): .git
2025-05-09 22:20:27.974 [info] > git rev-parse --show-toplevel [2ms]
2025-05-09 22:20:27.974 [info] fatal: not a git repository (or any of the parent directories): .git
2025-05-09 22:20:27.982 [info] > git rev-parse --show-toplevel [1ms]
2025-05-09 22:20:27.982 [info] fatal: not a git repository (or any of the parent directories): .git
2025-05-09 22:20:27.989 [info] > git rev-parse --show-toplevel [1ms]
2025-05-09 22:20:27.989 [info] fatal: not a git repository (or any of the parent directories): .git
2025-05-09 22:21:35.848 [info] > git rev-parse --show-toplevel [4ms]
2025-05-09 22:21:35.848 [info] fatal: not a git repository (or any of the parent directories): .git
2025-05-09 22:21:35.856 [info] > git rev-parse --show-toplevel [1ms]
2025-05-09 22:21:35.856 [info] fatal: not a git repository (or any of the parent directories): .git
2025-05-09 22:21:35.863 [info] > git rev-parse --show-toplevel [1ms]
2025-05-09 22:21:35.863 [info] fatal: not a git repository (or any of the parent directories): .git
