2025-05-12 22:20:16.946 [info] [2025-05-12 22:20:15.155] [        397ms] [/home/ubuntu] git rev-parse --show-toplevel • FAILED
2025-05-12 22:20:16.946 [info] 
Error: Command failed: /usr/bin/git -c core.quotepath=false -c color.ui=false rev-parse --show-toplevel
fatal: not a git repository (or any of the parent directories): .git


2025-05-12 22:20:18.790 [info] [2025-05-12 22:20:18.790] [         24ms] [/home/ubuntu/books/backend] git rev-parse --show-toplevel • FAILED
2025-05-12 22:20:18.790 [info] 
Error: Command failed: /usr/bin/git -c core.quotepath=false -c color.ui=false rev-parse --show-toplevel
fatal: not a git repository (or any of the parent directories): .git


2025-05-12 22:20:18.791 [info] [2025-05-12 22:20:18.791] [         32ms] [/home/ubuntu/books/frontend/src] git rev-parse --show-toplevel • FAILED
2025-05-12 22:20:18.791 [info] 
Error: Command failed: /usr/bin/git -c core.quotepath=false -c color.ui=false rev-parse --show-toplevel
fatal: not a git repository (or any of the parent directories): .git


2025-05-12 22:20:26.651 [info] [2025-05-12 22:20:26.651] [         26ms] [/home/ubuntu/books/frontend] git rev-parse --show-toplevel • FAILED
2025-05-12 22:20:26.652 [info] 
Error: Command failed: /usr/bin/git -c core.quotepath=false -c color.ui=false rev-parse --show-toplevel
fatal: not a git repository (or any of the parent directories): .git


2025-05-12 22:20:30.861 [info] [2025-05-12 22:20:30.861] [         18ms] [/home/ubuntu/books/frontend] git rev-parse --show-toplevel • FAILED
2025-05-12 22:20:30.861 [info] 
Error: Command failed: /usr/bin/git -c core.quotepath=false -c color.ui=false rev-parse --show-toplevel
fatal: not a git repository (or any of the parent directories): .git


2025-05-12 22:20:36.001 [info] [2025-05-12 22:20:36.001] [         15ms] [/home/ubuntu/books/frontend/src] git rev-parse --show-toplevel • FAILED
2025-05-12 22:20:36.001 [info] 
Error: Command failed: /usr/bin/git -c core.quotepath=false -c color.ui=false rev-parse --show-toplevel
fatal: not a git repository (or any of the parent directories): .git


2025-05-12 22:26:30.966 [info] [2025-05-12 22:26:30.966] [         10ms] [/home/ubuntu/.cache/typescript/5.8] git rev-parse --show-toplevel • FAILED
2025-05-12 22:26:30.966 [info] 
Error: Command failed: /usr/bin/git -c core.quotepath=false -c color.ui=false rev-parse --show-toplevel
fatal: not a git repository (or any of the parent directories): .git


2025-05-12 22:26:31.164 [info] [2025-05-12 22:26:31.164] [          9ms] [/home/ubuntu/tasktrackr/frontend] git rev-parse --show-toplevel • FAILED
2025-05-12 22:26:31.164 [info] 
Error: Command failed: /usr/bin/git -c core.quotepath=false -c color.ui=false rev-parse --show-toplevel
fatal: not a git repository (or any of the parent directories): .git


2025-05-12 22:26:32.469 [info] [2025-05-12 22:26:32.469] [          7ms] [/home/ubuntu/tasktrackr/backend] git rev-parse --show-toplevel • FAILED
2025-05-12 22:26:32.469 [info] 
Error: Command failed: /usr/bin/git -c core.quotepath=false -c color.ui=false rev-parse --show-toplevel
fatal: not a git repository (or any of the parent directories): .git


2025-05-12 22:26:33.006 [info] [2025-05-12 22:26:33.006] [          9ms] [/home/ubuntu/hello-world-with-users/frontend] git rev-parse --show-toplevel • FAILED
2025-05-12 22:26:33.006 [info] 
Error: Command failed: /usr/bin/git -c core.quotepath=false -c color.ui=false rev-parse --show-toplevel
fatal: not a git repository (or any of the parent directories): .git


2025-05-12 22:26:34.210 [info] [2025-05-12 22:26:34.210] [          9ms] [/home/ubuntu/hello-world-with-users/backend] git rev-parse --show-toplevel • FAILED
2025-05-12 22:26:34.210 [info] 
Error: Command failed: /usr/bin/git -c core.quotepath=false -c color.ui=false rev-parse --show-toplevel
fatal: not a git repository (or any of the parent directories): .git


2025-05-12 22:26:34.819 [info] [2025-05-12 22:26:34.819] [          8ms] [/home/ubuntu/.vscode-server/cli/servers/Stable-19e0f9e681ecb8e5c09d8784acaa601316ca4571/server/extensions/jake] git rev-parse --show-toplevel • FAILED
2025-05-12 22:26:34.819 [info] 
Error: Command failed: /usr/bin/git -c core.quotepath=false -c color.ui=false rev-parse --show-toplevel
fatal: not a git repository (or any of the parent directories): .git


2025-05-12 22:26:34.909 [info] [2025-05-12 22:26:34.909] [          8ms] [/home/ubuntu/.vscode-server/cli/servers/Stable-19e0f9e681ecb8e5c09d8784acaa601316ca4571/server/extensions/grunt] git rev-parse --show-toplevel • FAILED
2025-05-12 22:26:34.909 [info] 
Error: Command failed: /usr/bin/git -c core.quotepath=false -c color.ui=false rev-parse --show-toplevel
fatal: not a git repository (or any of the parent directories): .git


2025-05-12 22:26:35.060 [info] [2025-05-12 22:26:35.059] [          8ms] [/home/ubuntu/.vscode-server/cli/servers/Stable-19e0f9e681ecb8e5c09d8784acaa601316ca4571/server/extensions/ms-vscode.vscode-js-profile-table] git rev-parse --show-toplevel • FAILED
2025-05-12 22:26:35.060 [info] 
Error: Command failed: /usr/bin/git -c core.quotepath=false -c color.ui=false rev-parse --show-toplevel
fatal: not a git repository (or any of the parent directories): .git


2025-05-12 22:26:35.164 [info] [2025-05-12 22:26:35.164] [          7ms] [/home/ubuntu/.vscode-server/cli/servers/Stable-19e0f9e681ecb8e5c09d8784acaa601316ca4571/server/extensions/github] git rev-parse --show-toplevel • FAILED
2025-05-12 22:26:35.164 [info] 
Error: Command failed: /usr/bin/git -c core.quotepath=false -c color.ui=false rev-parse --show-toplevel
fatal: not a git repository (or any of the parent directories): .git


2025-05-12 22:26:35.235 [info] [2025-05-12 22:26:35.235] [          8ms] [/home/ubuntu/.vscode-server/cli/servers/Stable-19e0f9e681ecb8e5c09d8784acaa601316ca4571/server/extensions/emmet] git rev-parse --show-toplevel • FAILED
2025-05-12 22:26:35.235 [info] 
Error: Command failed: /usr/bin/git -c core.quotepath=false -c color.ui=false rev-parse --show-toplevel
fatal: not a git repository (or any of the parent directories): .git


2025-05-12 22:26:35.349 [info] [2025-05-12 22:26:35.349] [          8ms] [/home/ubuntu/.vscode-server/cli/servers/Stable-19e0f9e681ecb8e5c09d8784acaa601316ca4571/server/extensions/media-preview] git rev-parse --show-toplevel • FAILED
2025-05-12 22:26:35.350 [info] 
Error: Command failed: /usr/bin/git -c core.quotepath=false -c color.ui=false rev-parse --show-toplevel
fatal: not a git repository (or any of the parent directories): .git


2025-05-12 22:26:35.455 [info] [2025-05-12 22:26:35.455] [          9ms] [/home/ubuntu/.vscode-server/cli/servers/Stable-19e0f9e681ecb8e5c09d8784acaa601316ca4571/server/extensions/debug-server-ready] git rev-parse --show-toplevel • FAILED
2025-05-12 22:26:35.455 [info] 
Error: Command failed: /usr/bin/git -c core.quotepath=false -c color.ui=false rev-parse --show-toplevel
fatal: not a git repository (or any of the parent directories): .git


2025-05-12 22:26:35.610 [info] [2025-05-12 22:26:35.610] [          8ms] [/home/ubuntu/.vscode-server/cli/servers/Stable-19e0f9e681ecb8e5c09d8784acaa601316ca4571/server/extensions/php-language-features] git rev-parse --show-toplevel • FAILED
2025-05-12 22:26:35.610 [info] 
Error: Command failed: /usr/bin/git -c core.quotepath=false -c color.ui=false rev-parse --show-toplevel
fatal: not a git repository (or any of the parent directories): .git


2025-05-12 22:26:35.710 [info] [2025-05-12 22:26:35.710] [          9ms] [/home/ubuntu/.vscode-server/cli/servers/Stable-19e0f9e681ecb8e5c09d8784acaa601316ca4571/server/extensions/github-authentication] git rev-parse --show-toplevel • FAILED
2025-05-12 22:26:35.710 [info] 
Error: Command failed: /usr/bin/git -c core.quotepath=false -c color.ui=false rev-parse --show-toplevel
fatal: not a git repository (or any of the parent directories): .git


2025-05-12 22:26:35.837 [info] [2025-05-12 22:26:35.837] [         10ms] [/home/ubuntu/.vscode-server/cli/servers/Stable-19e0f9e681ecb8e5c09d8784acaa601316ca4571/server/extensions/markdown-language-features] git rev-parse --show-toplevel • FAILED
2025-05-12 22:26:35.837 [info] 
Error: Command failed: /usr/bin/git -c core.quotepath=false -c color.ui=false rev-parse --show-toplevel
fatal: not a git repository (or any of the parent directories): .git


2025-05-12 22:26:35.964 [info] [2025-05-12 22:26:35.964] [          8ms] [/home/ubuntu/.vscode-server/cli/servers/Stable-19e0f9e681ecb8e5c09d8784acaa601316ca4571/server/extensions/simple-browser] git rev-parse --show-toplevel • FAILED
2025-05-12 22:26:35.964 [info] 
Error: Command failed: /usr/bin/git -c core.quotepath=false -c color.ui=false rev-parse --show-toplevel
fatal: not a git repository (or any of the parent directories): .git


2025-05-12 22:26:36.087 [info] [2025-05-12 22:26:36.087] [         10ms] [/home/ubuntu/.vscode-server/cli/servers/Stable-19e0f9e681ecb8e5c09d8784acaa601316ca4571/server/extensions/tunnel-forwarding] git rev-parse --show-toplevel • FAILED
2025-05-12 22:26:36.087 [info] 
Error: Command failed: /usr/bin/git -c core.quotepath=false -c color.ui=false rev-parse --show-toplevel
fatal: not a git repository (or any of the parent directories): .git


2025-05-12 22:26:36.198 [info] [2025-05-12 22:26:36.198] [          7ms] [/home/ubuntu/.vscode-server/cli/servers/Stable-19e0f9e681ecb8e5c09d8784acaa601316ca4571/server/extensions/git-base] git rev-parse --show-toplevel • FAILED
2025-05-12 22:26:36.198 [info] 
Error: Command failed: /usr/bin/git -c core.quotepath=false -c color.ui=false rev-parse --show-toplevel
fatal: not a git repository (or any of the parent directories): .git


2025-05-12 22:26:36.435 [info] [2025-05-12 22:26:36.434] [          8ms] [/home/ubuntu/.vscode-server/cli/servers/Stable-19e0f9e681ecb8e5c09d8784acaa601316ca4571/server/extensions/ms-vscode.js-debug] git rev-parse --show-toplevel • FAILED
2025-05-12 22:26:36.435 [info] 
Error: Command failed: /usr/bin/git -c core.quotepath=false -c color.ui=false rev-parse --show-toplevel
fatal: not a git repository (or any of the parent directories): .git


2025-05-12 22:26:36.544 [info] [2025-05-12 22:26:36.544] [          8ms] [/home/ubuntu/.vscode-server/cli/servers/Stable-19e0f9e681ecb8e5c09d8784acaa601316ca4571/server/extensions/gulp] git rev-parse --show-toplevel • FAILED
2025-05-12 22:26:36.544 [info] 
Error: Command failed: /usr/bin/git -c core.quotepath=false -c color.ui=false rev-parse --show-toplevel
fatal: not a git repository (or any of the parent directories): .git


2025-05-12 22:26:36.727 [info] [2025-05-12 22:26:36.727] [         10ms] [/home/ubuntu/.vscode-server/cli/servers/Stable-19e0f9e681ecb8e5c09d8784acaa601316ca4571/server/extensions/git] git rev-parse --show-toplevel • FAILED
2025-05-12 22:26:36.727 [info] 
Error: Command failed: /usr/bin/git -c core.quotepath=false -c color.ui=false rev-parse --show-toplevel
fatal: not a git repository (or any of the parent directories): .git


2025-05-12 22:26:36.839 [info] [2025-05-12 22:26:36.839] [          8ms] [/home/ubuntu/.vscode-server/cli/servers/Stable-19e0f9e681ecb8e5c09d8784acaa601316ca4571/server/extensions/search-result] git rev-parse --show-toplevel • FAILED
2025-05-12 22:26:36.839 [info] 
Error: Command failed: /usr/bin/git -c core.quotepath=false -c color.ui=false rev-parse --show-toplevel
fatal: not a git repository (or any of the parent directories): .git


2025-05-12 22:26:36.979 [info] [2025-05-12 22:26:36.979] [          8ms] [/home/ubuntu/.vscode-server/cli/servers/Stable-19e0f9e681ecb8e5c09d8784acaa601316ca4571/server/extensions/markdown-math] git rev-parse --show-toplevel • FAILED
2025-05-12 22:26:36.979 [info] 
Error: Command failed: /usr/bin/git -c core.quotepath=false -c color.ui=false rev-parse --show-toplevel
fatal: not a git repository (or any of the parent directories): .git


2025-05-12 22:26:37.169 [info] [2025-05-12 22:26:37.169] [          8ms] [/home/ubuntu/.vscode-server/cli/servers/Stable-19e0f9e681ecb8e5c09d8784acaa601316ca4571/server/extensions/css-language-features/server] git rev-parse --show-toplevel • FAILED
2025-05-12 22:26:37.169 [info] 
Error: Command failed: /usr/bin/git -c core.quotepath=false -c color.ui=false rev-parse --show-toplevel
fatal: not a git repository (or any of the parent directories): .git


2025-05-12 22:26:39.224 [info] [2025-05-12 22:26:39.224] [          8ms] [/home/ubuntu/.vscode-server/cli/servers/Stable-19e0f9e681ecb8e5c09d8784acaa601316ca4571/server/extensions/css-language-features] git rev-parse --show-toplevel • FAILED
2025-05-12 22:26:39.224 [info] 
Error: Command failed: /usr/bin/git -c core.quotepath=false -c color.ui=false rev-parse --show-toplevel
fatal: not a git repository (or any of the parent directories): .git


2025-05-12 22:26:39.375 [info] [2025-05-12 22:26:39.374] [          8ms] [/home/ubuntu/.vscode-server/cli/servers/Stable-19e0f9e681ecb8e5c09d8784acaa601316ca4571/server/extensions/debug-auto-launch] git rev-parse --show-toplevel • FAILED
2025-05-12 22:26:39.375 [info] 
Error: Command failed: /usr/bin/git -c core.quotepath=false -c color.ui=false rev-parse --show-toplevel
fatal: not a git repository (or any of the parent directories): .git


2025-05-12 22:26:39.495 [info] [2025-05-12 22:26:39.495] [          8ms] [/home/ubuntu/.vscode-server/cli/servers/Stable-19e0f9e681ecb8e5c09d8784acaa601316ca4571/server/extensions/terminal-suggest] git rev-parse --show-toplevel • FAILED
2025-05-12 22:26:39.495 [info] 
Error: Command failed: /usr/bin/git -c core.quotepath=false -c color.ui=false rev-parse --show-toplevel
fatal: not a git repository (or any of the parent directories): .git


2025-05-12 22:26:39.616 [info] [2025-05-12 22:26:39.616] [          9ms] [/home/ubuntu/.vscode-server/cli/servers/Stable-19e0f9e681ecb8e5c09d8784acaa601316ca4571/server/extensions/html-language-features/server] git rev-parse --show-toplevel • FAILED
2025-05-12 22:26:39.616 [info] 
Error: Command failed: /usr/bin/git -c core.quotepath=false -c color.ui=false rev-parse --show-toplevel
fatal: not a git repository (or any of the parent directories): .git


2025-05-12 22:26:41.565 [info] [2025-05-12 22:26:41.565] [          9ms] [/home/ubuntu/.vscode-server/cli/servers/Stable-19e0f9e681ecb8e5c09d8784acaa601316ca4571/server/extensions/html-language-features] git rev-parse --show-toplevel • FAILED
2025-05-12 22:26:41.565 [info] 
Error: Command failed: /usr/bin/git -c core.quotepath=false -c color.ui=false rev-parse --show-toplevel
fatal: not a git repository (or any of the parent directories): .git


2025-05-12 22:26:41.696 [info] [2025-05-12 22:26:41.696] [          9ms] [/home/ubuntu/.vscode-server/cli/servers/Stable-19e0f9e681ecb8e5c09d8784acaa601316ca4571/server/extensions/configuration-editing] git rev-parse --show-toplevel • FAILED
2025-05-12 22:26:41.696 [info] 
Error: Command failed: /usr/bin/git -c core.quotepath=false -c color.ui=false rev-parse --show-toplevel
fatal: not a git repository (or any of the parent directories): .git


2025-05-12 22:26:41.847 [info] [2025-05-12 22:26:41.847] [         10ms] [/home/ubuntu/.vscode-server/cli/servers/Stable-19e0f9e681ecb8e5c09d8784acaa601316ca4571/server/extensions/typescript-language-features] git rev-parse --show-toplevel • FAILED
2025-05-12 22:26:41.847 [info] 
Error: Command failed: /usr/bin/git -c core.quotepath=false -c color.ui=false rev-parse --show-toplevel
fatal: not a git repository (or any of the parent directories): .git


2025-05-12 22:26:41.955 [info] [2025-05-12 22:26:41.955] [          8ms] [/home/ubuntu/.vscode-server/cli/servers/Stable-19e0f9e681ecb8e5c09d8784acaa601316ca4571/server/extensions/npm] git rev-parse --show-toplevel • FAILED
2025-05-12 22:26:41.955 [info] 
Error: Command failed: /usr/bin/git -c core.quotepath=false -c color.ui=false rev-parse --show-toplevel
fatal: not a git repository (or any of the parent directories): .git


2025-05-12 22:26:42.060 [info] [2025-05-12 22:26:42.060] [          9ms] [/home/ubuntu/.vscode-server/cli/servers/Stable-19e0f9e681ecb8e5c09d8784acaa601316ca4571/server/extensions/json-language-features/server] git rev-parse --show-toplevel • FAILED
2025-05-12 22:26:42.060 [info] 
Error: Command failed: /usr/bin/git -c core.quotepath=false -c color.ui=false rev-parse --show-toplevel
fatal: not a git repository (or any of the parent directories): .git


2025-05-12 22:26:44.659 [info] [2025-05-12 22:26:44.659] [          8ms] [/home/ubuntu/.vscode-server/cli/servers/Stable-19e0f9e681ecb8e5c09d8784acaa601316ca4571/server/extensions/json-language-features] git rev-parse --show-toplevel • FAILED
2025-05-12 22:26:44.659 [info] 
Error: Command failed: /usr/bin/git -c core.quotepath=false -c color.ui=false rev-parse --show-toplevel
fatal: not a git repository (or any of the parent directories): .git


2025-05-12 22:26:44.767 [info] [2025-05-12 22:26:44.767] [         10ms] [/home/ubuntu/.vscode-server/cli/servers/Stable-19e0f9e681ecb8e5c09d8784acaa601316ca4571/server/extensions/ipynb] git rev-parse --show-toplevel • FAILED
2025-05-12 22:26:44.767 [info] 
Error: Command failed: /usr/bin/git -c core.quotepath=false -c color.ui=false rev-parse --show-toplevel
fatal: not a git repository (or any of the parent directories): .git


2025-05-12 22:26:44.854 [info] [2025-05-12 22:26:44.854] [          8ms] [/home/ubuntu/.vscode-server/cli/servers/Stable-19e0f9e681ecb8e5c09d8784acaa601316ca4571/server/extensions/microsoft-authentication] git rev-parse --show-toplevel • FAILED
2025-05-12 22:26:44.854 [info] 
Error: Command failed: /usr/bin/git -c core.quotepath=false -c color.ui=false rev-parse --show-toplevel
fatal: not a git repository (or any of the parent directories): .git


2025-05-12 22:26:44.974 [info] [2025-05-12 22:26:44.974] [          8ms] [/home/ubuntu/.vscode-server/cli/servers/Stable-19e0f9e681ecb8e5c09d8784acaa601316ca4571/server/extensions/ms-vscode.js-debug-companion] git rev-parse --show-toplevel • FAILED
2025-05-12 22:26:44.974 [info] 
Error: Command failed: /usr/bin/git -c core.quotepath=false -c color.ui=false rev-parse --show-toplevel
fatal: not a git repository (or any of the parent directories): .git


2025-05-12 22:26:45.055 [info] [2025-05-12 22:26:45.055] [          8ms] [/home/ubuntu/.vscode-server/cli/servers/Stable-19e0f9e681ecb8e5c09d8784acaa601316ca4571/server/extensions/references-view] git rev-parse --show-toplevel • FAILED
2025-05-12 22:26:45.055 [info] 
Error: Command failed: /usr/bin/git -c core.quotepath=false -c color.ui=false rev-parse --show-toplevel
fatal: not a git repository (or any of the parent directories): .git


2025-05-12 22:26:45.149 [info] [2025-05-12 22:26:45.149] [          8ms] [/home/ubuntu/.vscode-server/cli/servers/Stable-19e0f9e681ecb8e5c09d8784acaa601316ca4571/server/extensions/merge-conflict] git rev-parse --show-toplevel • FAILED
2025-05-12 22:26:45.149 [info] 
Error: Command failed: /usr/bin/git -c core.quotepath=false -c color.ui=false rev-parse --show-toplevel
fatal: not a git repository (or any of the parent directories): .git


2025-05-12 22:26:45.288 [info] [2025-05-12 22:26:45.288] [          7ms] [/home/ubuntu/.vscode-server/cli/servers/Stable-19e0f9e681ecb8e5c09d8784acaa601316ca4571/server/extensions/extension-editing] git rev-parse --show-toplevel • FAILED
2025-05-12 22:26:45.288 [info] 
Error: Command failed: /usr/bin/git -c core.quotepath=false -c color.ui=false rev-parse --show-toplevel
fatal: not a git repository (or any of the parent directories): .git


2025-05-12 22:26:45.465 [info] [2025-05-12 22:26:45.465] [          8ms] [/home/ubuntu/.vscode-server/cli/servers/Stable-19e0f9e681ecb8e5c09d8784acaa601316ca4571/server] git rev-parse --show-toplevel • FAILED
2025-05-12 22:26:45.465 [info] 
Error: Command failed: /usr/bin/git -c core.quotepath=false -c color.ui=false rev-parse --show-toplevel
fatal: not a git repository (or any of the parent directories): .git


2025-05-12 22:26:45.615 [info] [2025-05-12 22:26:45.615] [          9ms] [/home/ubuntu/.vscode-server/extensions/vsls-contrib.gitdoc-0.2.3] git rev-parse --show-toplevel • FAILED
2025-05-12 22:26:45.615 [info] 
Error: Command failed: /usr/bin/git -c core.quotepath=false -c color.ui=false rev-parse --show-toplevel
fatal: not a git repository (or any of the parent directories): .git


2025-05-12 22:26:46.815 [info] [2025-05-12 22:26:46.815] [          9ms] [/home/ubuntu/.vscode-server/extensions/ritwickdey.liveserver-5.7.9] git rev-parse --show-toplevel • FAILED
2025-05-12 22:26:46.815 [info] 
Error: Command failed: /usr/bin/git -c core.quotepath=false -c color.ui=false rev-parse --show-toplevel
fatal: not a git repository (or any of the parent directories): .git


2025-05-12 22:26:49.069 [info] [2025-05-12 22:26:49.069] [          8ms] [/home/ubuntu/.vscode-server/extensions/donjayamanne.githistory-0.6.20] git rev-parse --show-toplevel • FAILED
2025-05-12 22:26:49.069 [info] 
Error: Command failed: /usr/bin/git -c core.quotepath=false -c color.ui=false rev-parse --show-toplevel
fatal: not a git repository (or any of the parent directories): .git


2025-05-12 22:26:52.269 [info] [2025-05-12 22:26:52.269] [          8ms] [/home/ubuntu/.vscode-server/extensions/eamodio.gitlens-17.0.3] git rev-parse --show-toplevel • FAILED
2025-05-12 22:26:52.269 [info] 
Error: Command failed: /usr/bin/git -c core.quotepath=false -c color.ui=false rev-parse --show-toplevel
fatal: not a git repository (or any of the parent directories): .git


