2025-05-12 22:42:14.763 [info] [main] Log level: Info
2025-05-12 22:42:14.763 [info] [main] Validating found git in: "git"
2025-05-12 22:42:14.763 [info] [main] Using git "2.43.0" from "git"
2025-05-12 22:42:14.763 [info] [Model][doInitialScan] Initial repository scan started
2025-05-12 22:42:14.763 [info] > git rev-parse --show-toplevel [48ms]
2025-05-12 22:42:14.763 [info] > git rev-parse --git-dir --git-common-dir [1772ms]
2025-05-12 22:42:14.763 [info] [Model][openRepository] Opened repository (path): /home/ubuntu
2025-05-12 22:42:14.763 [info] [Model][openRepository] Opened repository (real path): /home/ubuntu
2025-05-12 22:42:14.763 [info] > git for-each-ref --sort -committerdate --format %(refname)%00%(objectname)%00%(*objectname) [167ms]
2025-05-12 22:42:14.763 [info] > git rev-parse --show-toplevel [178ms]
2025-05-12 22:42:14.763 [info] > git config --get commit.template [209ms]
2025-05-12 22:42:15.406 [info] > git for-each-ref --format=%(refname)%00%(upstream:short)%00%(objectname)%00%(upstream:track)%00%(upstream:remotename)%00%(upstream:remoteref) refs/heads/main refs/remotes/main [43ms]
2025-05-12 22:42:15.459 [info] > git rev-parse --show-toplevel [142ms]
2025-05-12 22:42:15.572 [info] > git check-ignore -v -z --stdin [75ms]
2025-05-12 22:42:15.584 [info] > git for-each-ref --sort -committerdate --format %(refname)%00%(objectname)%00%(*objectname) [126ms]
2025-05-12 22:42:16.182 [info] > git rev-parse --show-toplevel [667ms]
2025-05-12 22:42:16.224 [info] > git rev-parse --show-toplevel [31ms]
2025-05-12 22:42:16.298 [info] > git rev-parse --show-toplevel [67ms]
2025-05-12 22:42:16.329 [info] > git status -z -uall [899ms] (cancelled)
2025-05-12 22:42:16.329 [info] > git rev-parse --show-toplevel [23ms]
2025-05-12 22:42:17.996 [info] > git rev-parse --show-toplevel [1510ms]
2025-05-12 22:42:17.996 [info] > git for-each-ref --format=%(refname)%00%(upstream:short)%00%(objectname)%00%(upstream:track)%00%(upstream:remotename)%00%(upstream:remoteref) refs/heads/main refs/remotes/main [1519ms]
2025-05-12 22:42:18.819 [info] > git config --get --local branch.main.vscode-merge-base [811ms]
2025-05-12 22:42:18.819 [warning] [Git][config] git config failed: Failed to execute git
2025-05-12 22:42:18.830 [info] > git config --get commit.template [852ms]
2025-05-12 22:42:18.846 [info] > git rev-parse --show-toplevel [216ms]
2025-05-12 22:42:18.908 [info] > git reflog main --grep-reflog=branch: Created from *. [79ms]
2025-05-12 22:42:18.939 [info] > git symbolic-ref --short refs/remotes/origin/HEAD [23ms]
2025-05-12 22:42:18.939 [info] fatal: ref refs/remotes/origin/HEAD is not a symbolic ref
2025-05-12 22:42:18.939 [warning] [Repository][getDefaultBranch] Failed to get default branch details: Failed to execute git.
2025-05-12 22:42:18.940 [info] > git rev-parse --show-toplevel [36ms]
2025-05-12 22:42:18.940 [info] > git for-each-ref --format=%(refname)%00%(upstream:short)%00%(objectname)%00%(upstream:track)%00%(upstream:remotename)%00%(upstream:remoteref) refs/heads/main refs/remotes/main [42ms]
2025-05-12 22:42:19.034 [info] > git for-each-ref --sort -committerdate --format %(refname)%00%(objectname)%00%(*objectname) [75ms]
2025-05-12 22:42:19.143 [info] > git rev-parse --show-toplevel [145ms]
2025-05-12 22:42:19.238 [info] > git check-ignore -v -z --stdin [5ms]
2025-05-12 22:42:19.239 [info] > git rev-parse --show-toplevel [18ms]
2025-05-12 22:42:19.266 [info] > git rev-parse --show-toplevel [16ms]
2025-05-12 22:42:19.287 [info] > git status -z -uall [340ms] (cancelled)
2025-05-12 22:42:19.287 [info] > git rev-parse --show-toplevel [11ms]
2025-05-12 22:42:19.409 [info] > git rev-parse --show-toplevel [13ms]
2025-05-12 22:42:20.910 [info] > git rev-parse --show-toplevel [1317ms]
2025-05-12 22:42:20.985 [info] > git rev-parse --show-toplevel [4ms]
2025-05-12 22:42:20.999 [info] > git rev-parse --show-toplevel [7ms]
2025-05-12 22:42:21.019 [info] > git rev-parse --show-toplevel [5ms]
2025-05-12 22:42:21.026 [info] > git rev-parse --show-toplevel [0ms]
2025-05-12 22:42:21.033 [info] > git rev-parse --show-toplevel [1ms]
2025-05-12 22:42:21.042 [info] > git rev-parse --show-toplevel [3ms]
2025-05-12 22:42:21.043 [info] [Model][doInitialScan] Initial repository scan completed - repositories (1), closed repositories (0), parent repositories (0), unsafe repositories (0)
2025-05-12 22:42:21.075 [info] > git config --get commit.template [8ms]
2025-05-12 22:42:21.083 [info] > git for-each-ref --format=%(refname)%00%(upstream:short)%00%(objectname)%00%(upstream:track)%00%(upstream:remotename)%00%(upstream:remoteref) refs/heads/main refs/remotes/main [3ms]
2025-05-12 22:42:21.095 [info] > git for-each-ref --sort -committerdate --format %(refname)%00%(objectname)%00%(*objectname) [1ms]
2025-05-12 22:42:21.306 [info] > git status -z -uall [218ms] (cancelled)
2025-05-12 22:42:23.979 [info] > git check-ignore -v -z --stdin [1261ms]
2025-05-12 22:42:24.519 [info] > git show --textconv :tasktrackr/frontend/index.html [137ms]
2025-05-12 22:42:24.519 [info] > git ls-files --stage -- tasktrackr/frontend/index.html [122ms]
2025-05-12 22:42:24.542 [info] > git hash-object -t tree /dev/null [15ms]
2025-05-12 22:42:24.542 [warning] [GitFileSystemProvider][stat] File not found - git:/home/ubuntu/tasktrackr/frontend/index.html.git?%7B%22path%22%3A%22%2Fhome%2Fubuntu%2Ftasktrackr%2Ffrontend%2Findex.html%22%2C%22ref%22%3A%22%22%7D
2025-05-12 22:42:24.550 [info] > git hash-object -t tree /dev/null [16ms]
2025-05-12 22:42:24.550 [warning] [GitFileSystemProvider][readFile] File not found - git:/home/ubuntu/tasktrackr/frontend/index.html.git?%7B%22path%22%3A%22%2Fhome%2Fubuntu%2Ftasktrackr%2Ffrontend%2Findex.html%22%2C%22ref%22%3A%22%22%7D
2025-05-12 22:42:25.277 [info] > git config --get --local branch.main.github-pr-owner-number [155ms]
2025-05-12 22:42:25.277 [warning] [Git][config] git config failed: Failed to execute git
2025-05-12 22:42:25.288 [info] > git config --get --local branch.main.remote [3ms]
2025-05-12 22:42:25.288 [warning] [Git][config] git config failed: Failed to execute git
2025-05-12 22:42:25.374 [info] > git config --get --local branch.main.merge [78ms]
2025-05-12 22:42:25.374 [warning] [Git][config] git config failed: Failed to execute git
2025-05-12 22:42:29.631 [info] > git show --textconv :tasktrackr/frontend/src.App.jsx [29ms]
2025-05-12 22:42:29.631 [warning] [GitFileSystemProvider][readFile] File not found - git:/home/ubuntu/tasktrackr/frontend/src.App.jsx.git?%7B%22path%22%3A%22%2Fhome%2Fubuntu%2Ftasktrackr%2Ffrontend%2Fsrc.App.jsx%22%2C%22ref%22%3A%22%22%7D
2025-05-12 22:42:29.633 [info] > git ls-files --stage -- tasktrackr/frontend/src.App.jsx [6ms]
2025-05-12 22:42:29.633 [warning] [GitFileSystemProvider][stat] File not found - git:/home/ubuntu/tasktrackr/frontend/src.App.jsx.git?%7B%22path%22%3A%22%2Fhome%2Fubuntu%2Ftasktrackr%2Ffrontend%2Fsrc.App.jsx%22%2C%22ref%22%3A%22%22%7D
2025-05-12 22:42:34.766 [info] > git check-ignore -v -z --stdin [1ms]
2025-05-12 22:42:36.045 [info] > git check-ignore -v -z --stdin [0ms]
2025-05-12 22:42:44.366 [info] > git check-ignore -v -z --stdin [1ms]
2025-05-12 22:42:47.299 [info] > git show --textconv :quicknotes/frontend/src/App.jsx [17ms]
2025-05-12 22:42:47.299 [info] > git ls-files --stage -- quicknotes/frontend/src/App.jsx [5ms]
2025-05-12 22:42:47.299 [warning] [GitFileSystemProvider][stat] File not found - git:/home/ubuntu/quicknotes/frontend/src/App.jsx.git?%7B%22path%22%3A%22%2Fhome%2Fubuntu%2Fquicknotes%2Ffrontend%2Fsrc%2FApp.jsx%22%2C%22ref%22%3A%22%22%7D
2025-05-12 22:42:47.307 [warning] [GitFileSystemProvider][readFile] File not found - git:/home/ubuntu/quicknotes/frontend/src/App.jsx.git?%7B%22path%22%3A%22%2Fhome%2Fubuntu%2Fquicknotes%2Ffrontend%2Fsrc%2FApp.jsx%22%2C%22ref%22%3A%22%22%7D
2025-05-12 22:45:36.235 [info] > git config --get commit.template [8ms]
2025-05-12 22:45:36.235 [info] > git for-each-ref --format=%(refname)%00%(upstream:short)%00%(objectname)%00%(upstream:track)%00%(upstream:remotename)%00%(upstream:remoteref) refs/heads/main refs/remotes/main [1ms]
2025-05-12 22:45:36.276 [info] > git for-each-ref --sort -committerdate --format %(refname)%00%(objectname)%00%(*objectname) [3ms]
2025-05-12 22:45:36.505 [info] > git status -z -uall [263ms] (cancelled)
