2025-05-09 21:32:15.058 [info] [main] Log level: Info
2025-05-09 21:32:15.059 [info] [main] Validating found git in: "git"
2025-05-09 21:32:15.059 [info] [main] Using git "2.43.0" from "git"
2025-05-09 21:32:15.059 [info] [Model][doInitialScan] Initial repository scan started
2025-05-09 21:32:15.059 [info] > git rev-parse --show-toplevel [1020ms]
2025-05-09 21:32:15.059 [info] fatal: not a git repository (or any of the parent directories): .git
2025-05-09 21:32:15.059 [info] > git rev-parse --show-toplevel [6ms]
2025-05-09 21:32:15.059 [info] fatal: not a git repository (or any of the parent directories): .git
2025-05-09 21:32:15.059 [info] > git rev-parse --show-toplevel [149ms]
2025-05-09 21:32:15.059 [info] fatal: not a git repository (or any of the parent directories): .git
2025-05-09 21:32:15.059 [info] [Model][doInitialScan] Initial repository scan completed - repositories (0), closed repositories (0), parent repositories (0), unsafe repositories (0)
2025-05-09 21:32:30.877 [info] > git rev-parse --show-toplevel [1ms]
2025-05-09 21:32:30.877 [info] fatal: not a git repository (or any of the parent directories): .git
2025-05-09 21:33:02.201 [info] > git rev-parse --show-toplevel [10ms]
2025-05-09 21:33:02.201 [info] fatal: not a git repository (or any of the parent directories): .git
2025-05-09 21:33:31.504 [info] > git rev-parse --show-toplevel [8ms]
2025-05-09 21:33:31.504 [info] fatal: not a git repository (or any of the parent directories): .git
2025-05-09 21:33:42.233 [info] > git rev-parse --show-toplevel [1ms]
2025-05-09 21:33:42.233 [info] fatal: not a git repository (or any of the parent directories): .git
2025-05-09 21:33:42.254 [info] > git rev-parse --show-toplevel [0ms]
2025-05-09 21:33:42.254 [info] fatal: not a git repository (or any of the parent directories): .git
2025-05-09 21:35:17.410 [info] > git rev-parse --show-toplevel [0ms]
2025-05-09 21:35:17.410 [info] fatal: not a git repository (or any of the parent directories): .git
